[0811/212115.586:ERROR:process_info.cc(329)] VirtualQueryEx: Access is denied. (0x5)
[0811/212115.945:ERROR:process_info.cc(556)] ReadMemoryInfo failed
[0811/212115.945:ERROR:scoped_process_suspend.cc(40)] NtResumeProcess: An attempt was made to access an exiting process. (0xc000010a)
[0811/212116.047:ERROR:process_reader_win.cc(123)] NtOpenThread: {Access Denied} A process has requested access to an object, but has not been granted those access rights. (0xc0000022)
[0811/212116.047:ERROR:exception_snapshot_win.cc(98)] thread ID 7060 not found in process
[0811/212116.056:ERROR:process_reader_win.cc(123)] NtOpenThread: {Access Denied} A process has requested access to an object, but has not been granted those access rights. (0xc0000022)
[0811/212116.057:ERROR:exception_snapshot_win.cc(98)] thread ID 21248 not found in process
[0811/212116.091:ERROR:process_reader_win.cc(123)] NtOpenThread: {Access Denied} A process has requested access to an object, but has not been granted those access rights. (0xc0000022)
[0811/212116.091:ERROR:exception_snapshot_win.cc(98)] thread ID 12500 not found in process
[0811/212116.129:ERROR:process_reader_win.cc(123)] NtOpenThread: {Access Denied} A process has requested access to an object, but has not been granted those access rights. (0xc0000022)
[0811/212116.130:ERROR:exception_snapshot_win.cc(98)] thread ID 3700 not found in process
[0811/212116.142:ERROR:process_reader_win.cc(123)] NtOpenThread: {Access Denied} A process has requested access to an object, but has not been granted those access rights. (0xc0000022)
[0811/212116.142:ERROR:exception_snapshot_win.cc(98)] thread ID 9124 not found in process
[0811/212116.147:ERROR:process_reader_win.cc(123)] NtOpenThread: {Access Denied} A process has requested access to an object, but has not been granted those access rights. (0xc0000022)
[0811/212116.148:ERROR:exception_snapshot_win.cc(98)] thread ID 21348 not found in process
[0811/212116.177:ERROR:process_reader_win.cc(123)] NtOpenThread: {Access Denied} A process has requested access to an object, but has not been granted those access rights. (0xc0000022)
[0811/212116.177:ERROR:exception_snapshot_win.cc(98)] thread ID 20556 not found in process
[0811/212116.266:ERROR:process_reader_win.cc(123)] NtOpenThread: {Access Denied} A process has requested access to an object, but has not been granted those access rights. (0xc0000022)
[0811/212116.267:ERROR:exception_snapshot_win.cc(98)] thread ID 2668 not found in process
[0811/212116.278:ERROR:process_reader_win.cc(123)] NtOpenThread: {Access Denied} A process has requested access to an object, but has not been granted those access rights. (0xc0000022)
[0811/212116.278:ERROR:exception_snapshot_win.cc(98)] thread ID 14692 not found in process
[0811/212116.308:ERROR:process_reader_win.cc(123)] NtOpenThread: {Access Denied} A process has requested access to an object, but has not been granted those access rights. (0xc0000022)
[0811/212116.308:ERROR:exception_snapshot_win.cc(98)] thread ID 8328 not found in process
[0811/212116.390:ERROR:process_reader_win.cc(123)] NtOpenThread: {Access Denied} A process has requested access to an object, but has not been granted those access rights. (0xc0000022)
[0811/212116.391:ERROR:exception_snapshot_win.cc(98)] thread ID 11384 not found in process
[0811/212116.391:ERROR:process_reader_win.cc(123)] NtOpenThread: {Access Denied} A process has requested access to an object, but has not been granted those access rights. (0xc0000022)
[0811/212116.391:ERROR:exception_snapshot_win.cc(98)] thread ID 14096 not found in process
[0811/212116.456:ERROR:process_reader_win.cc(123)] NtOpenThread: {Access Denied} A process has requested access to an object, but has not been granted those access rights. (0xc0000022)
[0811/212116.456:ERROR:exception_snapshot_win.cc(98)] thread ID 6588 not found in process
[0811/212116.467:ERROR:process_reader_win.cc(123)] NtOpenThread: {Access Denied} A process has requested access to an object, but has not been granted those access rights. (0xc0000022)
[0811/212116.467:ERROR:exception_snapshot_win.cc(98)] thread ID 8008 not found in process
